android/app/build/intermediates/manifest_merge_blame_file/debug/processDebugMainManifest/manifest-merger-blame-debug-report.txt
1<?xml version="1.0" encoding="utf-8"?>
2<manifest xmlns:android="http://schemas.android.com/apk/res/android"
3    package="com.areeb.bloom"
4    android:versionCode="1"
5    android:versionName="1.0" >
6
7    <uses-sdk
8        android:minSdkVersion="24"
9        android:targetSdkVersion="36" />
10    <!--
11         The INTERNET permission is required for development. Specifically,
12         the Flutter tool needs it to communicate with the running application
13         to allow setting breakpoints, to provide hot reload, etc.
14    -->
15    <uses-permission android:name="android.permission.INTERNET" />
15-->src\debug\AndroidManifest.xml:6:5-66
15-->src\debug\AndroidManifest.xml:6:22-64
16    <!--
17     Required to query activities that can process text, see:
18         https://developer.android.com/training/package-visibility and
19         https://developer.android.com/reference/android/content/Intent#ACTION_PROCESS_TEXT.
20
21         In particular, this is used by the Flutter engine in io.flutter.plugin.text.ProcessTextPlugin.
22    -->
23    <queries>
23-->src\main\AndroidManifest.xml:39:5-44:15
24        <intent>
24-->src\main\AndroidManifest.xml:40:9-43:18
25            <action android:name="android.intent.action.PROCESS_TEXT" />
25-->src\main\AndroidManifest.xml:41:13-72
25-->src\main\AndroidManifest.xml:41:21-70
26
27            <data android:mimeType="text/plain" />
27-->src\main\AndroidManifest.xml:42:13-50
27-->src\main\AndroidManifest.xml:42:19-48
28        </intent>
29    </queries>
30
31    <uses-permission android:name="android.permission.ACCESS_NETWORK_STATE" />
31-->[com.google.firebase:firebase-auth:22.3.0] AndroidManifest.xml:26:5-79
31-->[com.google.firebase:firebase-auth:22.3.0] AndroidManifest.xml:26:22-76
32
33    <permission
33-->[androidx.core:core:1.13.1] AndroidManifest.xml:22:5-24:47
34        android:name="com.areeb.bloom.DYNAMIC_RECEIVER_NOT_EXPORTED_PERMISSION"
34-->[androidx.core:core:1.13.1] AndroidManifest.xml:23:9-81
35        android:protectionLevel="signature" />
35-->[androidx.core:core:1.13.1] AndroidManifest.xml:24:9-44
36
37    <uses-permission android:name="com.areeb.bloom.DYNAMIC_RECEIVER_NOT_EXPORTED_PERMISSION" />
37-->[androidx.core:core:1.13.1] AndroidManifest.xml:26:5-97
37-->[androidx.core:core:1.13.1] AndroidManifest.xml:26:22-94
38
39    <application
40        android:name="android.app.Application"
41        android:appComponentFactory="androidx.core.app.CoreComponentFactory"
41-->[androidx.core:core:1.13.1] AndroidManifest.xml:28:18-86
42        android:debuggable="true"
43        android:extractNativeLibs="false"
44        android:icon="@mipmap/ic_launcher"
45        android:label="bloom" >
46        <activity
47            android:name="com.areeb.bloom.MainActivity"
48            android:configChanges="orientation|keyboardHidden|keyboard|screenSize|smallestScreenSize|locale|layoutDirection|fontScale|screenLayout|density|uiMode"
49            android:exported="true"
50            android:hardwareAccelerated="true"
51            android:launchMode="singleTop"
52            android:taskAffinity=""
53            android:theme="@style/LaunchTheme"
54            android:windowSoftInputMode="adjustResize" >
55
56            <!--
57                 Specifies an Android theme to apply to this Activity as soon as
58                 the Android process has started. This theme is visible to the user
59                 while the Flutter UI initializes. After that, this theme continues
60                 to determine the Window background behind the Flutter UI.
61            -->
62            <meta-data
63                android:name="io.flutter.embedding.android.NormalTheme"
64                android:resource="@style/NormalTheme" />
65
66            <intent-filter>
67                <action android:name="android.intent.action.MAIN" />
68
69                <category android:name="android.intent.category.LAUNCHER" />
70            </intent-filter>
71        </activity>
72        <!--
73             Don't delete the meta-data below.
74             This is used by the Flutter tool to generate GeneratedPluginRegistrant.java
75        -->
76        <meta-data
77            android:name="flutterEmbedding"
78            android:value="2" />
79
80        <service
80-->[:cloud_firestore] AndroidManifest.xml:8:9-12:19
81            android:name="com.google.firebase.components.ComponentDiscoveryService"
81-->[:cloud_firestore] AndroidManifest.xml:8:18-89
82            android:directBootAware="true"
82-->[com.google.firebase:firebase-common:20.4.2] AndroidManifest.xml:32:13-43
83            android:exported="false" >
83-->[com.google.firebase:firebase-auth:22.3.0] AndroidManifest.xml:68:13-37
84            <meta-data
84-->[:cloud_firestore] AndroidManifest.xml:9:13-11:85
85                android:name="com.google.firebase.components:io.flutter.plugins.firebase.firestore.FlutterFirebaseFirestoreRegistrar"
85-->[:cloud_firestore] AndroidManifest.xml:10:17-134
86                android:value="com.google.firebase.components.ComponentRegistrar" />
86-->[:cloud_firestore] AndroidManifest.xml:11:17-82
87            <meta-data
87-->[:firebase_auth] AndroidManifest.xml:9:13-11:85
88                android:name="com.google.firebase.components:io.flutter.plugins.firebase.auth.FlutterFirebaseAuthRegistrar"
88-->[:firebase_auth] AndroidManifest.xml:10:17-124
89                android:value="com.google.firebase.components.ComponentRegistrar" />
89-->[:firebase_auth] AndroidManifest.xml:11:17-82
90            <meta-data
90-->[:firebase_core] AndroidManifest.xml:9:13-11:85
91                android:name="com.google.firebase.components:io.flutter.plugins.firebase.core.FlutterFirebaseCoreRegistrar"
91-->[:firebase_core] AndroidManifest.xml:10:17-124
92                android:value="com.google.firebase.components.ComponentRegistrar" />
92-->[:firebase_core] AndroidManifest.xml:11:17-82
93            <meta-data
93-->[com.google.firebase:firebase-auth:22.3.0] AndroidManifest.xml:69:13-71:85
94                android:name="com.google.firebase.components:com.google.firebase.auth.FirebaseAuthRegistrar"
94-->[com.google.firebase:firebase-auth:22.3.0] AndroidManifest.xml:70:17-109
95                android:value="com.google.firebase.components.ComponentRegistrar" />
95-->[com.google.firebase:firebase-auth:22.3.0] AndroidManifest.xml:71:17-82
96            <meta-data
96-->[com.google.firebase:firebase-firestore:24.9.1] AndroidManifest.xml:17:13-19:85
97                android:name="com.google.firebase.components:com.google.firebase.firestore.FirebaseFirestoreKtxRegistrar"
97-->[com.google.firebase:firebase-firestore:24.9.1] AndroidManifest.xml:18:17-122
98                android:value="com.google.firebase.components.ComponentRegistrar" />
98-->[com.google.firebase:firebase-firestore:24.9.1] AndroidManifest.xml:19:17-82
99            <meta-data
99-->[com.google.firebase:firebase-firestore:24.9.1] AndroidManifest.xml:20:13-22:85
100                android:name="com.google.firebase.components:com.google.firebase.firestore.FirestoreRegistrar"
100-->[com.google.firebase:firebase-firestore:24.9.1] AndroidManifest.xml:21:17-111
101                android:value="com.google.firebase.components.ComponentRegistrar" />
101-->[com.google.firebase:firebase-firestore:24.9.1] AndroidManifest.xml:22:17-82
102            <meta-data
102-->[com.google.firebase:firebase-common-ktx:20.4.2] AndroidManifest.xml:12:13-14:85
103                android:name="com.google.firebase.components:com.google.firebase.ktx.FirebaseCommonLegacyRegistrar"
103-->[com.google.firebase:firebase-common-ktx:20.4.2] AndroidManifest.xml:13:17-116
104                android:value="com.google.firebase.components.ComponentRegistrar" />
104-->[com.google.firebase:firebase-common-ktx:20.4.2] AndroidManifest.xml:14:17-82
105            <meta-data
105-->[com.google.firebase:firebase-common:20.4.2] AndroidManifest.xml:35:13-37:85
106                android:name="com.google.firebase.components:com.google.firebase.FirebaseCommonKtxRegistrar"
106-->[com.google.firebase:firebase-common:20.4.2] AndroidManifest.xml:36:17-109
107                android:value="com.google.firebase.components.ComponentRegistrar" />
107-->[com.google.firebase:firebase-common:20.4.2] AndroidManifest.xml:37:17-82
108        </service>
109
110        <activity
110-->[com.google.firebase:firebase-auth:22.3.0] AndroidManifest.xml:29:9-46:20
111            android:name="com.google.firebase.auth.internal.GenericIdpActivity"
111-->[com.google.firebase:firebase-auth:22.3.0] AndroidManifest.xml:30:13-80
112            android:excludeFromRecents="true"
112-->[com.google.firebase:firebase-auth:22.3.0] AndroidManifest.xml:31:13-46
113            android:exported="true"
113-->[com.google.firebase:firebase-auth:22.3.0] AndroidManifest.xml:32:13-36
114            android:launchMode="singleTask"
114-->[com.google.firebase:firebase-auth:22.3.0] AndroidManifest.xml:33:13-44
115            android:theme="@android:style/Theme.Translucent.NoTitleBar" >
115-->[com.google.firebase:firebase-auth:22.3.0] AndroidManifest.xml:34:13-72
116            <intent-filter>
116-->[com.google.firebase:firebase-auth:22.3.0] AndroidManifest.xml:35:13-45:29
117                <action android:name="android.intent.action.VIEW" />
117-->[com.google.firebase:firebase-auth:22.3.0] AndroidManifest.xml:36:17-69
117-->[com.google.firebase:firebase-auth:22.3.0] AndroidManifest.xml:36:25-66
118
119                <category android:name="android.intent.category.DEFAULT" />
119-->[com.google.firebase:firebase-auth:22.3.0] AndroidManifest.xml:38:17-76
119-->[com.google.firebase:firebase-auth:22.3.0] AndroidManifest.xml:38:27-73
120                <category android:name="android.intent.category.BROWSABLE" />
120-->[com.google.firebase:firebase-auth:22.3.0] AndroidManifest.xml:39:17-78
120-->[com.google.firebase:firebase-auth:22.3.0] AndroidManifest.xml:39:27-75
121
122                <data
122-->src\main\AndroidManifest.xml:42:13-50
123                    android:host="firebase.auth"
124                    android:path="/"
125                    android:scheme="genericidp" />
126            </intent-filter>
127        </activity>
128        <activity
128-->[com.google.firebase:firebase-auth:22.3.0] AndroidManifest.xml:47:9-64:20
129            android:name="com.google.firebase.auth.internal.RecaptchaActivity"
129-->[com.google.firebase:firebase-auth:22.3.0] AndroidManifest.xml:48:13-79
130            android:excludeFromRecents="true"
130-->[com.google.firebase:firebase-auth:22.3.0] AndroidManifest.xml:49:13-46
131            android:exported="true"
131-->[com.google.firebase:firebase-auth:22.3.0] AndroidManifest.xml:50:13-36
132            android:launchMode="singleTask"
132-->[com.google.firebase:firebase-auth:22.3.0] AndroidManifest.xml:51:13-44
133            android:theme="@android:style/Theme.Translucent.NoTitleBar" >
133-->[com.google.firebase:firebase-auth:22.3.0] AndroidManifest.xml:52:13-72
134            <intent-filter>
134-->[com.google.firebase:firebase-auth:22.3.0] AndroidManifest.xml:53:13-63:29
135                <action android:name="android.intent.action.VIEW" />
135-->[com.google.firebase:firebase-auth:22.3.0] AndroidManifest.xml:36:17-69
135-->[com.google.firebase:firebase-auth:22.3.0] AndroidManifest.xml:36:25-66
136
137                <category android:name="android.intent.category.DEFAULT" />
137-->[com.google.firebase:firebase-auth:22.3.0] AndroidManifest.xml:38:17-76
137-->[com.google.firebase:firebase-auth:22.3.0] AndroidManifest.xml:38:27-73
138                <category android:name="android.intent.category.BROWSABLE" />
138-->[com.google.firebase:firebase-auth:22.3.0] AndroidManifest.xml:39:17-78
138-->[com.google.firebase:firebase-auth:22.3.0] AndroidManifest.xml:39:27-75
139
140                <data
140-->src\main\AndroidManifest.xml:42:13-50
141                    android:host="firebase.auth"
142                    android:path="/"
143                    android:scheme="recaptcha" />
144            </intent-filter>
145        </activity>
146
147        <provider
147-->[com.google.firebase:firebase-common:20.4.2] AndroidManifest.xml:23:9-28:39
148            android:name="com.google.firebase.provider.FirebaseInitProvider"
148-->[com.google.firebase:firebase-common:20.4.2] AndroidManifest.xml:24:13-77
149            android:authorities="com.areeb.bloom.firebaseinitprovider"
149-->[com.google.firebase:firebase-common:20.4.2] AndroidManifest.xml:25:13-72
150            android:directBootAware="true"
150-->[com.google.firebase:firebase-common:20.4.2] AndroidManifest.xml:26:13-43
151            android:exported="false"
151-->[com.google.firebase:firebase-common:20.4.2] AndroidManifest.xml:27:13-37
152            android:initOrder="100" />
152-->[com.google.firebase:firebase-common:20.4.2] AndroidManifest.xml:28:13-36
153
154        <activity
154-->[com.google.android.gms:play-services-auth:21.0.0] AndroidManifest.xml:23:9-27:75
155            android:name="com.google.android.gms.auth.api.signin.internal.SignInHubActivity"
155-->[com.google.android.gms:play-services-auth:21.0.0] AndroidManifest.xml:24:13-93
156            android:excludeFromRecents="true"
156-->[com.google.android.gms:play-services-auth:21.0.0] AndroidManifest.xml:25:13-46
157            android:exported="false"
157-->[com.google.android.gms:play-services-auth:21.0.0] AndroidManifest.xml:26:13-37
158            android:theme="@android:style/Theme.Translucent.NoTitleBar" />
158-->[com.google.android.gms:play-services-auth:21.0.0] AndroidManifest.xml:27:13-72
159        <!--
160            Service handling Google Sign-In user revocation. For apps that do not integrate with
161            Google Sign-In, this service will never be started.
162        -->
163        <service
163-->[com.google.android.gms:play-services-auth:21.0.0] AndroidManifest.xml:33:9-37:51
164            android:name="com.google.android.gms.auth.api.signin.RevocationBoundService"
164-->[com.google.android.gms:play-services-auth:21.0.0] AndroidManifest.xml:34:13-89
165            android:exported="true"
165-->[com.google.android.gms:play-services-auth:21.0.0] AndroidManifest.xml:35:13-36
166            android:permission="com.google.android.gms.auth.api.signin.permission.REVOCATION_NOTIFICATION"
166-->[com.google.android.gms:play-services-auth:21.0.0] AndroidManifest.xml:36:13-107
167            android:visibleToInstantApps="true" />
167-->[com.google.android.gms:play-services-auth:21.0.0] AndroidManifest.xml:37:13-48
168
169        <activity
169-->[com.google.android.gms:play-services-base:18.0.1] AndroidManifest.xml:20:9-22:45
170            android:name="com.google.android.gms.common.api.GoogleApiActivity"
170-->[com.google.android.gms:play-services-base:18.0.1] AndroidManifest.xml:20:19-85
171            android:exported="false"
171-->[com.google.android.gms:play-services-base:18.0.1] AndroidManifest.xml:22:19-43
172            android:theme="@android:style/Theme.Translucent.NoTitleBar" />
172-->[com.google.android.gms:play-services-base:18.0.1] AndroidManifest.xml:21:19-78
173
174        <uses-library
174-->[androidx.window:window:1.2.0] AndroidManifest.xml:23:9-25:40
175            android:name="androidx.window.extensions"
175-->[androidx.window:window:1.2.0] AndroidManifest.xml:24:13-54
176            android:required="false" />
176-->[androidx.window:window:1.2.0] AndroidManifest.xml:25:13-37
177        <uses-library
177-->[androidx.window:window:1.2.0] AndroidManifest.xml:26:9-28:40
178            android:name="androidx.window.sidecar"
178-->[androidx.window:window:1.2.0] AndroidManifest.xml:27:13-51
179            android:required="false" />
179-->[androidx.window:window:1.2.0] AndroidManifest.xml:28:13-37
180
181        <meta-data
181-->[com.google.android.gms:play-services-basement:18.2.0] AndroidManifest.xml:21:9-23:69
182            android:name="com.google.android.gms.version"
182-->[com.google.android.gms:play-services-basement:18.2.0] AndroidManifest.xml:22:13-58
183            android:value="@integer/google_play_services_version" />
183-->[com.google.android.gms:play-services-basement:18.2.0] AndroidManifest.xml:23:13-66
184
185        <provider
185-->[androidx.lifecycle:lifecycle-process:2.7.0] AndroidManifest.xml:24:9-32:20
186            android:name="androidx.startup.InitializationProvider"
186-->[androidx.lifecycle:lifecycle-process:2.7.0] AndroidManifest.xml:25:13-67
187            android:authorities="com.areeb.bloom.androidx-startup"
187-->[androidx.lifecycle:lifecycle-process:2.7.0] AndroidManifest.xml:26:13-68
188            android:exported="false" >
188-->[androidx.lifecycle:lifecycle-process:2.7.0] AndroidManifest.xml:27:13-37
189            <meta-data
189-->[androidx.lifecycle:lifecycle-process:2.7.0] AndroidManifest.xml:29:13-31:52
190                android:name="androidx.lifecycle.ProcessLifecycleInitializer"
190-->[androidx.lifecycle:lifecycle-process:2.7.0] AndroidManifest.xml:30:17-78
191                android:value="androidx.startup" />
191-->[androidx.lifecycle:lifecycle-process:2.7.0] AndroidManifest.xml:31:17-49
192            <meta-data
192-->[androidx.profileinstaller:profileinstaller:1.3.1] AndroidManifest.xml:29:13-31:52
193                android:name="androidx.profileinstaller.ProfileInstallerInitializer"
193-->[androidx.profileinstaller:profileinstaller:1.3.1] AndroidManifest.xml:30:17-85
194                android:value="androidx.startup" />
194-->[androidx.profileinstaller:profileinstaller:1.3.1] AndroidManifest.xml:31:17-49
195        </provider>
196
197        <receiver
197-->[androidx.profileinstaller:profileinstaller:1.3.1] AndroidManifest.xml:34:9-52:20
198            android:name="androidx.profileinstaller.ProfileInstallReceiver"
198-->[androidx.profileinstaller:profileinstaller:1.3.1] AndroidManifest.xml:35:13-76
199            android:directBootAware="false"
199-->[androidx.profileinstaller:profileinstaller:1.3.1] AndroidManifest.xml:36:13-44
200            android:enabled="true"
200-->[androidx.profileinstaller:profileinstaller:1.3.1] AndroidManifest.xml:37:13-35
201            android:exported="true"
201-->[androidx.profileinstaller:profileinstaller:1.3.1] AndroidManifest.xml:38:13-36
202            android:permission="android.permission.DUMP" >
202-->[androidx.profileinstaller:profileinstaller:1.3.1] AndroidManifest.xml:39:13-57
203            <intent-filter>
203-->[androidx.profileinstaller:profileinstaller:1.3.1] AndroidManifest.xml:40:13-42:29
204                <action android:name="androidx.profileinstaller.action.INSTALL_PROFILE" />
204-->[androidx.profileinstaller:profileinstaller:1.3.1] AndroidManifest.xml:41:17-91
204-->[androidx.profileinstaller:profileinstaller:1.3.1] AndroidManifest.xml:41:25-88
205            </intent-filter>
206            <intent-filter>
206-->[androidx.profileinstaller:profileinstaller:1.3.1] AndroidManifest.xml:43:13-45:29
207                <action android:name="androidx.profileinstaller.action.SKIP_FILE" />
207-->[androidx.profileinstaller:profileinstaller:1.3.1] AndroidManifest.xml:44:17-85
207-->[androidx.profileinstaller:profileinstaller:1.3.1] AndroidManifest.xml:44:25-82
208            </intent-filter>
209            <intent-filter>
209-->[androidx.profileinstaller:profileinstaller:1.3.1] AndroidManifest.xml:46:13-48:29
210                <action android:name="androidx.profileinstaller.action.SAVE_PROFILE" />
210-->[androidx.profileinstaller:profileinstaller:1.3.1] AndroidManifest.xml:47:17-88
210-->[androidx.profileinstaller:profileinstaller:1.3.1] AndroidManifest.xml:47:25-85
211            </intent-filter>
212            <intent-filter>
212-->[androidx.profileinstaller:profileinstaller:1.3.1] AndroidManifest.xml:49:13-51:29
213                <action android:name="androidx.profileinstaller.action.BENCHMARK_OPERATION" />
213-->[androidx.profileinstaller:profileinstaller:1.3.1] AndroidManifest.xml:50:17-95
213-->[androidx.profileinstaller:profileinstaller:1.3.1] AndroidManifest.xml:50:25-92
214            </intent-filter>
215        </receiver>
216    </application>
217
218</manifest>